0 info it worked if it ends with ok
1 verbose cli [ '/usr/local/bin/node',
1 verbose cli   '/usr/local/bin/npm',
1 verbose cli   'install',
1 verbose cli   'type-of-is' ]
2 info using npm@1.3.21
3 info using node@v0.10.24
4 verbose readDependencies using package.json deps
5 verbose cache add [ 'type-of-is', null ]
6 verbose cache add name=undefined spec="type-of-is" args=["type-of-is",null]
7 verbose parsed url { protocol: null,
7 verbose parsed url   slashes: null,
7 verbose parsed url   auth: null,
7 verbose parsed url   host: null,
7 verbose parsed url   port: null,
7 verbose parsed url   hostname: null,
7 verbose parsed url   hash: null,
7 verbose parsed url   search: null,
7 verbose parsed url   query: null,
7 verbose parsed url   pathname: 'type-of-is',
7 verbose parsed url   path: 'type-of-is',
7 verbose parsed url   href: 'type-of-is' }
8 silly lockFile f1bf62fa-type-of-is type-of-is
9 verbose lock type-of-is /home/magicmode/.npm/f1bf62fa-type-of-is.lock
10 silly lockFile f1bf62fa-type-of-is type-of-is
11 silly lockFile f1bf62fa-type-of-is type-of-is
12 verbose addNamed [ 'type-of-is', '' ]
13 verbose addNamed [ null, '*' ]
14 silly lockFile 0104c4d6-type-of-is type-of-is@
15 verbose lock type-of-is@ /home/magicmode/.npm/0104c4d6-type-of-is.lock
16 silly addNameRange { name: 'type-of-is', range: '*', hasData: false }
17 verbose url raw type-of-is
18 verbose url resolving [ 'https://registry.npmjs.org/', './type-of-is' ]
19 verbose url resolved https://registry.npmjs.org/type-of-is
20 info trying registry request attempt 1 at 00:58:00
21 http GET https://registry.npmjs.org/type-of-is
22 info retry will retry, error on last attempt: Error: CERT_NOT_YET_VALID
23 info trying registry request attempt 2 at 00:58:11
24 http GET https://registry.npmjs.org/type-of-is
25 info retry will retry, error on last attempt: Error: CERT_NOT_YET_VALID
26 info trying registry request attempt 3 at 00:59:11
27 http GET https://registry.npmjs.org/type-of-is
28 silly lockFile 0104c4d6-type-of-is type-of-is@
29 silly lockFile 0104c4d6-type-of-is type-of-is@
30 error Error: CERT_NOT_YET_VALID
30 error     at SecurePair.<anonymous> (tls.js:1370:32)
30 error     at SecurePair.EventEmitter.emit (events.js:92:17)
30 error     at SecurePair.maybeInitFinished (tls.js:982:10)
30 error     at CleartextStream.read [as _read] (tls.js:469:13)
30 error     at CleartextStream.Readable.read (_stream_readable.js:320:10)
30 error     at EncryptedStream.write [as _write] (tls.js:366:25)
30 error     at doWrite (_stream_writable.js:221:10)
30 error     at writeOrBuffer (_stream_writable.js:211:5)
30 error     at EncryptedStream.Writable.write (_stream_writable.js:180:11)
30 error     at write (_stream_readable.js:583:24)
31 error If you need help, you may report this *entire* log,
31 error including the npm and node versions, at:
31 error     <http://github.com/isaacs/npm/issues>
32 error System Linux 3.8.0-34-generic
33 error command "/usr/local/bin/node" "/usr/local/bin/npm" "install" "type-of-is"
34 error cwd /home/magicmode/banana
35 error node -v v0.10.24
36 error npm -v 1.3.21
37 verbose exit [ 1, true ]
